2018-01-16T20:08:06.169Z meta:false [31merror[39m: [31muncaughtException: missing or invalid options
TypeError: missing or invalid options
    at new WebSocketServer (C:\Users\THPC\Desktop\MainFolders\WebDev\Projects_BackEnd\beacon-analytics\node_modules\ws\lib\WebSocketServer.js:63:13)
    at appWS (C:\Users\THPC\Desktop\MainFolders\WebDev\Projects_BackEnd\beacon-analytics\app\server\controllers\appWS.js:5:26)
    at Server.<anonymous> (C:\Users\THPC\Desktop\MainFolders\WebDev\Projects_BackEnd\beacon-analytics\app\server\server.js:40:5)
    at Object.onceWrapper (events.js:313:30)
    at emitNone (events.js:106:13)
    at Server.emit (events.js:208:7)
    at emitListeningNT (net.js:1378:10)
    at _combinedTickCallback (internal/process/next_tick.js:135:11)
    at process._tickCallback (internal/process/next_tick.js:180:9)[39m
2018-01-16T20:08:52.621Z meta:false [31merror[39m: [31muncaughtException: missing or invalid options
TypeError: missing or invalid options
    at new WebSocketServer (C:\Users\THPC\Desktop\MainFolders\WebDev\Projects_BackEnd\beacon-analytics\node_modules\ws\lib\WebSocketServer.js:63:13)
    at appWS (C:\Users\THPC\Desktop\MainFolders\WebDev\Projects_BackEnd\beacon-analytics\app\server\controllers\appWS.js:6:26)
    at Server.<anonymous> (C:\Users\THPC\Desktop\MainFolders\WebDev\Projects_BackEnd\beacon-analytics\app\server\server.js:40:5)
    at Object.onceWrapper (events.js:313:30)
    at emitNone (events.js:106:13)
    at Server.emit (events.js:208:7)
    at emitListeningNT (net.js:1378:10)
    at _combinedTickCallback (internal/process/next_tick.js:135:11)
    at process._tickCallback (internal/process/next_tick.js:180:9)[39m
2018-01-16T20:09:35.125Z meta:false [31merror[39m: [31muncaughtException: missing or invalid options
TypeError: missing or invalid options
    at new WebSocketServer (C:\Users\THPC\Desktop\MainFolders\WebDev\Projects_BackEnd\beacon-analytics\node_modules\ws\lib\WebSocketServer.js:63:13)
    at appWS (C:\Users\THPC\Desktop\MainFolders\WebDev\Projects_BackEnd\beacon-analytics\app\server\controllers\appWS.js:6:26)
    at Server.<anonymous> (C:\Users\THPC\Desktop\MainFolders\WebDev\Projects_BackEnd\beacon-analytics\app\server\server.js:41:5)
    at Object.onceWrapper (events.js:313:30)
    at emitNone (events.js:106:13)
    at Server.emit (events.js:208:7)
    at emitListeningNT (net.js:1378:10)
    at _combinedTickCallback (internal/process/next_tick.js:135:11)
    at process._tickCallback (internal/process/next_tick.js:180:9)[39m
2018-01-16T20:10:40.487Z meta:false [31merror[39m: [31muncaughtException: Error starting the server: Error: listen EADDRINUSE :::8080
AssertionError: Error starting the server: Error: listen EADDRINUSE :::8080
    at Server.<anonymous> (C:\Users\THPC\Desktop\MainFolders\WebDev\Projects_BackEnd\beacon-analytics\app\server\_tests_\sessionWSRoute.test.js:36:10)
    at emitOne (events.js:116:13)
    at Server.emit (events.js:211:7)
    at emitErrorNT (net.js:1371:8)
    at _combinedTickCallback (internal/process/next_tick.js:138:11)
    at process._tickCallback (internal/process/next_tick.js:180:9)[39m
2018-01-16T20:10:55.526Z meta:false [31merror[39m: [31muncaughtException: Error starting the server: Error: listen EADDRINUSE :::8080
AssertionError: Error starting the server: Error: listen EADDRINUSE :::8080
    at Server.<anonymous> (C:\Users\THPC\Desktop\MainFolders\WebDev\Projects_BackEnd\beacon-analytics\app\server\_tests_\sessionWSRoute.test.js:36:10)
    at emitOne (events.js:116:13)
    at Server.emit (events.js:211:7)
    at emitErrorNT (net.js:1371:8)
    at _combinedTickCallback (internal/process/next_tick.js:138:11)
    at process._tickCallback (internal/process/next_tick.js:180:9)[39m
2018-01-16T20:12:10.783Z meta:false [31merror[39m: [31muncaughtException: Failed to connect to websocket server. Error: Error: socket hang up
AssertionError: Failed to connect to websocket server. Error: Error: socket hang up
    at WebSocket.websocket.onerror (C:\Users\THPC\Desktop\MainFolders\WebDev\Projects_BackEnd\beacon-analytics\app\server\_tests_\sessionWSRoute.test.js:71:11)
    at WebSocket.onError (C:\Users\THPC\Desktop\MainFolders\WebDev\Projects_BackEnd\beacon-analytics\node_modules\ws\lib\EventTarget.js:109:16)
    at emitOne (events.js:116:13)
    at WebSocket.emit (events.js:211:7)
    at WebSocket.finalize (C:\Users\THPC\Desktop\MainFolders\WebDev\Projects_BackEnd\beacon-analytics\node_modules\ws\lib\WebSocket.js:182:41)
    at ClientRequest._req.on (C:\Users\THPC\Desktop\MainFolders\WebDev\Projects_BackEnd\beacon-analytics\node_modules\ws\lib\WebSocket.js:647:10)
    at emitOne (events.js:116:13)
    at ClientRequest.emit (events.js:211:7)
    at Socket.socketOnEnd (_http_client.js:423:9)
    at emitNone (events.js:111:20)
    at Socket.emit (events.js:208:7)
    at endReadableNT (_stream_readable.js:1056:12)
    at _combinedTickCallback (internal/process/next_tick.js:138:11)
    at process._tickCallback (internal/process/next_tick.js:180:9)[39m
2018-01-16T20:12:10.794Z meta:false [31merror[39m: [31muncaughtException: Cannot read property 'aborted' of null
TypeError: Cannot read property 'aborted' of null
    at ClientRequest._req.on (C:\Users\THPC\Desktop\MainFolders\WebDev\Projects_BackEnd\beacon-analytics\node_modules\ws\lib\WebSocket.js:644:19)
    at emitOne (events.js:116:13)
    at ClientRequest.emit (events.js:211:7)
    at Socket.socketCloseListener (_http_client.js:363:9)
    at emitOne (events.js:121:20)
    at Socket.emit (events.js:211:7)
    at TCP._handle.close [as _onclose] (net.js:554:12)[39m
2018-01-16T20:26:57.961Z meta:false [31merror[39m: [31muncaughtException: listen EADDRINUSE :::8080
Error: listen EADDRINUSE :::8080
    at Object._errnoException (util.js:1024:11)
    at _exceptionWithHostPort (util.js:1046:20)
    at Server.setupListenHandle [as _listen2] (net.js:1351:14)
    at listenInCluster (net.js:1392:12)
    at Server.listen (net.js:1476:7)
    at Function.listen (C:\Users\THPC\Desktop\MainFolders\WebDev\Projects_BackEnd\beacon-analytics\node_modules\express\lib\application.js:618:24)
    at onMongoSuccess (C:\Users\THPC\Desktop\MainFolders\WebDev\Projects_BackEnd\beacon-analytics\app\server\server.js:38:36)
    at <anonymous>
    at process._tickCallback (internal/process/next_tick.js:188:7)[39m
2018-01-16T21:22:41.826Z meta:true [31merror[39m: [31mUncaught error occured in express and was caught by a "catch all" error handler[39m
error:
 {
  "type": "Error",
  "message": "Arguments must be aggregate pipeline operators",
  "name": "Error",
  "stack": "Error: Arguments must be aggregate pipeline operators\n    at Aggregate.append (C:\\Users\\THPC\\Desktop\\MainFolders\\WebDev\\Projects_BackEnd\\beacon-analytics\\node_modules\\mongoose\\lib\\aggregate.js:101:11)\n    at new Aggregate (C:\\Users\\THPC\\Desktop\\MainFolders\\WebDev\\Projects_BackEnd\\beacon-analytics\\node_modules\\mongoose\\lib\\aggregate.js:50:17)\n    at Function.aggregate (C:\\Users\\THPC\\Desktop\\MainFolders\\WebDev\\Projects_BackEnd\\beacon-analytics\\node_modules\\mongoose\\lib\\model.js:2936:17)\n    at Function.sessionSchema.statics.getAnalyticsOverview (C:\\Users\\THPC\\Desktop\\MainFolders\\WebDev\\Projects_BackEnd\\beacon-analytics\\app\\server\\models\\session.js:149:7)\n    at C:\\Users\\THPC\\Desktop\\MainFolders\\WebDev\\Projects_BackEnd\\beacon-analytics\\app\\server\\controllers\\data\\dataOverview.js:17:19\n    at Layer.handle [as handle_request] (C:\\Users\\THPC\\Desktop\\MainFolders\\WebDev\\Projects_BackEnd\\beacon-analytics\\node_modules\\express\\lib\\router\\layer.js:95:5)\n    at next (C:\\Users\\THPC\\Desktop\\MainFolders\\WebDev\\Projects_BackEnd\\beacon-analytics\\node_modules\\express\\lib\\router\\route.js:137:13)\n    at Route.dispatch (C:\\Users\\THPC\\Desktop\\MainFolders\\WebDev\\Projects_BackEnd\\beacon-analytics\\node_modules\\express\\lib\\router\\route.js:112:3)\n    at Layer.handle [as handle_request] (C:\\Users\\THPC\\Desktop\\MainFolders\\WebDev\\Projects_BackEnd\\beacon-analytics\\node_modules\\express\\lib\\router\\layer.js:95:5)\n    at C:\\Users\\THPC\\Desktop\\MainFolders\\WebDev\\Projects_BackEnd\\beacon-analytics\\node_modules\\express\\lib\\router\\index.js:281:22\n    at Function.process_params (C:\\Users\\THPC\\Desktop\\MainFolders\\WebDev\\Projects_BackEnd\\beacon-analytics\\node_modules\\express\\lib\\router\\index.js:335:12)\n    at next (C:\\Users\\THPC\\Desktop\\MainFolders\\WebDev\\Projects_BackEnd\\beacon-analytics\\node_modules\\express\\lib\\router\\index.js:275:10)\n    at parseTimeRange (C:\\Users\\THPC\\Desktop\\MainFolders\\WebDev\\Projects_BackEnd\\beacon-analytics\\app\\server\\controllers\\data\\middleware\\parseTimeRange.js:48:2)\n    at Layer.handle [as handle_request] (C:\\Users\\THPC\\Desktop\\MainFolders\\WebDev\\Projects_BackEnd\\beacon-analytics\\node_modules\\express\\lib\\router\\layer.js:95:5)\n    at trim_prefix (C:\\Users\\THPC\\Desktop\\MainFolders\\WebDev\\Projects_BackEnd\\beacon-analytics\\node_modules\\express\\lib\\router\\index.js:317:13)\n    at C:\\Users\\THPC\\Desktop\\MainFolders\\WebDev\\Projects_BackEnd\\beacon-analytics\\node_modules\\express\\lib\\router\\index.js:284:7\n    at Function.process_params (C:\\Users\\THPC\\Desktop\\MainFolders\\WebDev\\Projects_BackEnd\\beacon-analytics\\node_modules\\express\\lib\\router\\index.js:335:12)\n    at next (C:\\Users\\THPC\\Desktop\\MainFolders\\WebDev\\Projects_BackEnd\\beacon-analytics\\node_modules\\express\\lib\\router\\index.js:275:10)\n    at Function.handle (C:\\Users\\THPC\\Desktop\\MainFolders\\WebDev\\Projects_BackEnd\\beacon-analytics\\node_modules\\express\\lib\\router\\index.js:174:3)\n    at router (C:\\Users\\THPC\\Desktop\\MainFolders\\WebDev\\Projects_BackEnd\\beacon-analytics\\node_modules\\express\\lib\\router\\index.js:47:12)\n    at Layer.handle [as handle_request] (C:\\Users\\THPC\\Desktop\\MainFolders\\WebDev\\Projects_BackEnd\\beacon-analytics\\node_modules\\express\\lib\\router\\layer.js:95:5)\n    at trim_prefix (C:\\Users\\THPC\\Desktop\\MainFolders\\WebDev\\Projects_BackEnd\\beacon-analytics\\node_modules\\express\\lib\\router\\index.js:317:13)\n    at C:\\Users\\THPC\\Desktop\\MainFolders\\WebDev\\Projects_BackEnd\\beacon-analytics\\node_modules\\express\\lib\\router\\index.js:284:7\n    at param (C:\\Users\\THPC\\Desktop\\MainFolders\\WebDev\\Projects_BackEnd\\beacon-analytics\\node_modules\\express\\lib\\router\\index.js:354:14)\n    at param (C:\\Users\\THPC\\Desktop\\MainFolders\\WebDev\\Projects_BackEnd\\beacon-analytics\\node_modules\\express\\lib\\router\\index.js:365:14)\n    at Function.process_params (C:\\Users\\THPC\\Desktop\\MainFolders\\WebDev\\Projects_BackEnd\\beacon-analytics\\node_modules\\express\\lib\\router\\index.js:410:3)\n    at next (C:\\Users\\THPC\\Desktop\\MainFolders\\WebDev\\Projects_BackEnd\\beacon-analytics\\node_modules\\express\\lib\\router\\index.js:275:10)\n    at dataAuthHandler (C:\\Users\\THPC\\Desktop\\MainFolders\\WebDev\\Projects_BackEnd\\beacon-analytics\\app\\server\\controllers\\data\\dataAuth.js:18:3)\n    at Layer.handle [as handle_request] (C:\\Users\\THPC\\Desktop\\MainFolders\\WebDev\\Projects_BackEnd\\beacon-analytics\\node_modules\\express\\lib\\router\\layer.js:95:5)\n    at trim_prefix (C:\\Users\\THPC\\Desktop\\MainFolders\\WebDev\\Projects_BackEnd\\beacon-analytics\\node_modules\\express\\lib\\router\\index.js:317:13)\n    at C:\\Users\\THPC\\Desktop\\MainFolders\\WebDev\\Projects_BackEnd\\beacon-analytics\\node_modules\\express\\lib\\router\\index.js:284:7\n    at param (C:\\Users\\THPC\\Desktop\\MainFolders\\WebDev\\Projects_BackEnd\\beacon-analytics\\node_modules\\express\\lib\\router\\index.js:354:14)\n    at param (C:\\Users\\THPC\\Desktop\\MainFolders\\WebDev\\Projects_BackEnd\\beacon-analytics\\node_modules\\express\\lib\\router\\index.js:365:14)\n    at Function.process_params (C:\\Users\\THPC\\Desktop\\MainFolders\\WebDev\\Projects_BackEnd\\beacon-analytics\\node_modules\\express\\lib\\router\\index.js:410:3)\n    at next (C:\\Users\\THPC\\Desktop\\MainFolders\\WebDev\\Projects_BackEnd\\beacon-analytics\\node_modules\\express\\lib\\router\\index.js:275:10)\n    at Function.handle (C:\\Users\\THPC\\Desktop\\MainFolders\\WebDev\\Projects_BackEnd\\beacon-analytics\\node_modules\\express\\lib\\router\\index.js:174:3)\n    at router (C:\\Users\\THPC\\Desktop\\MainFolders\\WebDev\\Projects_BackEnd\\beacon-analytics\\node_modules\\express\\lib\\router\\index.js:47:12)\n    at Layer.handle [as handle_request] (C:\\Users\\THPC\\Desktop\\MainFolders\\WebDev\\Projects_BackEnd\\beacon-analytics\\node_modules\\express\\lib\\router\\layer.js:95:5)\n    at trim_prefix (C:\\Users\\THPC\\Desktop\\MainFolders\\WebDev\\Projects_BackEnd\\beacon-analytics\\node_modules\\express\\lib\\router\\index.js:317:13)\n    at C:\\Users\\THPC\\Desktop\\MainFolders\\WebDev\\Projects_BackEnd\\beacon-analytics\\node_modules\\express\\lib\\router\\index.js:284:7\n    at Function.process_params (C:\\Users\\THPC\\Desktop\\MainFolders\\WebDev\\Projects_BackEnd\\beacon-analytics\\node_modules\\express\\lib\\router\\index.js:335:12)\n    at next (C:\\Users\\THPC\\Desktop\\MainFolders\\WebDev\\Projects_BackEnd\\beacon-analytics\\node_modules\\express\\lib\\router\\index.js:275:10)\n    at C:\\Users\\THPC\\Desktop\\MainFolders\\WebDev\\Projects_BackEnd\\beacon-analytics\\node_modules\\express\\lib\\router\\index.js:635:15\n    at next (C:\\Users\\THPC\\Desktop\\MainFolders\\WebDev\\Projects_BackEnd\\beacon-analytics\\node_modules\\express\\lib\\router\\index.js:260:14)\n    at SendStream.error (C:\\Users\\THPC\\Desktop\\MainFolders\\WebDev\\Projects_BackEnd\\beacon-analytics\\node_modules\\serve-static\\index.js:121:7)\n    at emitOne (events.js:116:13)\n    at SendStream.emit (events.js:211:7)\n    at SendStream.error (C:\\Users\\THPC\\Desktop\\MainFolders\\WebDev\\Projects_BackEnd\\beacon-analytics\\node_modules\\send\\index.js:270:17)\n    at SendStream.onStatError (C:\\Users\\THPC\\Desktop\\MainFolders\\WebDev\\Projects_BackEnd\\beacon-analytics\\node_modules\\send\\index.js:421:12)\n    at next (C:\\Users\\THPC\\Desktop\\MainFolders\\WebDev\\Projects_BackEnd\\beacon-analytics\\node_modules\\send\\index.js:736:16)\n    at onstat (C:\\Users\\THPC\\Desktop\\MainFolders\\WebDev\\Projects_BackEnd\\beacon-analytics\\node_modules\\send\\index.js:725:14)\n    at FSReqWrap.oncomplete (fs.js:152:21)"
}
2018-01-16T21:22:41.859Z meta:false [31merror[39m: [31muncaughtException: Error while getting analytics overview data: expected [Error: Internal Server Error] to not exist
AssertionError: Error while getting analytics overview data: expected [Error: Internal Server Error] to not exist
    at C:\Users\THPC\Desktop\MainFolders\WebDev\Projects_BackEnd\beacon-analytics\app\server\_tests_\integrationTests\systemTest.dataApi.js:20:72
    at Test.Request.callback (C:\Users\THPC\Desktop\MainFolders\WebDev\Projects_BackEnd\beacon-analytics\node_modules\superagent\lib\node\index.js:631:3)
    at IncomingMessage.<anonymous> (C:\Users\THPC\Desktop\MainFolders\WebDev\Projects_BackEnd\beacon-analytics\node_modules\superagent\lib\node\index.js:795:18)
    at emitNone (events.js:111:20)
    at IncomingMessage.emit (events.js:208:7)
    at endReadableNT (_stream_readable.js:1056:12)
    at _combinedTickCallback (internal/process/next_tick.js:138:11)
    at process._tickCallback (internal/process/next_tick.js:180:9)[39m
2018-01-16T21:47:42.350Z meta:true [31merror[39m: [31mUncaught error occured in express and was caught by a "catch all" error handler[39m
error:
 {
  "type": "Error",
  "message": "Arguments must be aggregate pipeline operators",
  "name": "Error",
  "stack": "Error: Arguments must be aggregate pipeline operators\n    at Aggregate.append (C:\\Users\\THPC\\Desktop\\MainFolders\\WebDev\\Projects_BackEnd\\beacon-analytics\\node_modules\\mongoose\\lib\\aggregate.js:101:11)\n    at new Aggregate (C:\\Users\\THPC\\Desktop\\MainFolders\\WebDev\\Projects_BackEnd\\beacon-analytics\\node_modules\\mongoose\\lib\\aggregate.js:50:17)\n    at Function.aggregate (C:\\Users\\THPC\\Desktop\\MainFolders\\WebDev\\Projects_BackEnd\\beacon-analytics\\node_modules\\mongoose\\lib\\model.js:2936:17)\n    at Function.sessionSchema.statics.getAnalyticsOverview (C:\\Users\\THPC\\Desktop\\MainFolders\\WebDev\\Projects_BackEnd\\beacon-analytics\\app\\server\\models\\session.js:150:7)\n    at C:\\Users\\THPC\\Desktop\\MainFolders\\WebDev\\Projects_BackEnd\\beacon-analytics\\app\\server\\controllers\\data\\dataOverview.js:16:19\n    at Layer.handle [as handle_request] (C:\\Users\\THPC\\Desktop\\MainFolders\\WebDev\\Projects_BackEnd\\beacon-analytics\\node_modules\\express\\lib\\router\\layer.js:95:5)\n    at next (C:\\Users\\THPC\\Desktop\\MainFolders\\WebDev\\Projects_BackEnd\\beacon-analytics\\node_modules\\express\\lib\\router\\route.js:137:13)\n    at Route.dispatch (C:\\Users\\THPC\\Desktop\\MainFolders\\WebDev\\Projects_BackEnd\\beacon-analytics\\node_modules\\express\\lib\\router\\route.js:112:3)\n    at Layer.handle [as handle_request] (C:\\Users\\THPC\\Desktop\\MainFolders\\WebDev\\Projects_BackEnd\\beacon-analytics\\node_modules\\express\\lib\\router\\layer.js:95:5)\n    at C:\\Users\\THPC\\Desktop\\MainFolders\\WebDev\\Projects_BackEnd\\beacon-analytics\\node_modules\\express\\lib\\router\\index.js:281:22\n    at Function.process_params (C:\\Users\\THPC\\Desktop\\MainFolders\\WebDev\\Projects_BackEnd\\beacon-analytics\\node_modules\\express\\lib\\router\\index.js:335:12)\n    at next (C:\\Users\\THPC\\Desktop\\MainFolders\\WebDev\\Projects_BackEnd\\beacon-analytics\\node_modules\\express\\lib\\router\\index.js:275:10)\n    at parseTimeRange (C:\\Users\\THPC\\Desktop\\MainFolders\\WebDev\\Projects_BackEnd\\beacon-analytics\\app\\server\\controllers\\data\\middleware\\parseTimeRange.js:48:2)\n    at Layer.handle [as handle_request] (C:\\Users\\THPC\\Desktop\\MainFolders\\WebDev\\Projects_BackEnd\\beacon-analytics\\node_modules\\express\\lib\\router\\layer.js:95:5)\n    at trim_prefix (C:\\Users\\THPC\\Desktop\\MainFolders\\WebDev\\Projects_BackEnd\\beacon-analytics\\node_modules\\express\\lib\\router\\index.js:317:13)\n    at C:\\Users\\THPC\\Desktop\\MainFolders\\WebDev\\Projects_BackEnd\\beacon-analytics\\node_modules\\express\\lib\\router\\index.js:284:7\n    at Function.process_params (C:\\Users\\THPC\\Desktop\\MainFolders\\WebDev\\Projects_BackEnd\\beacon-analytics\\node_modules\\express\\lib\\router\\index.js:335:12)\n    at next (C:\\Users\\THPC\\Desktop\\MainFolders\\WebDev\\Projects_BackEnd\\beacon-analytics\\node_modules\\express\\lib\\router\\index.js:275:10)\n    at Function.handle (C:\\Users\\THPC\\Desktop\\MainFolders\\WebDev\\Projects_BackEnd\\beacon-analytics\\node_modules\\express\\lib\\router\\index.js:174:3)\n    at router (C:\\Users\\THPC\\Desktop\\MainFolders\\WebDev\\Projects_BackEnd\\beacon-analytics\\node_modules\\express\\lib\\router\\index.js:47:12)\n    at Layer.handle [as handle_request] (C:\\Users\\THPC\\Desktop\\MainFolders\\WebDev\\Projects_BackEnd\\beacon-analytics\\node_modules\\express\\lib\\router\\layer.js:95:5)\n    at trim_prefix (C:\\Users\\THPC\\Desktop\\MainFolders\\WebDev\\Projects_BackEnd\\beacon-analytics\\node_modules\\express\\lib\\router\\index.js:317:13)\n    at C:\\Users\\THPC\\Desktop\\MainFolders\\WebDev\\Projects_BackEnd\\beacon-analytics\\node_modules\\express\\lib\\router\\index.js:284:7\n    at param (C:\\Users\\THPC\\Desktop\\MainFolders\\WebDev\\Projects_BackEnd\\beacon-analytics\\node_modules\\express\\lib\\router\\index.js:354:14)\n    at param (C:\\Users\\THPC\\Desktop\\MainFolders\\WebDev\\Projects_BackEnd\\beacon-analytics\\node_modules\\express\\lib\\router\\index.js:365:14)\n    at Function.process_params (C:\\Users\\THPC\\Desktop\\MainFolders\\WebDev\\Projects_BackEnd\\beacon-analytics\\node_modules\\express\\lib\\router\\index.js:410:3)\n    at next (C:\\Users\\THPC\\Desktop\\MainFolders\\WebDev\\Projects_BackEnd\\beacon-analytics\\node_modules\\express\\lib\\router\\index.js:275:10)\n    at dataAuthHandler (C:\\Users\\THPC\\Desktop\\MainFolders\\WebDev\\Projects_BackEnd\\beacon-analytics\\app\\server\\controllers\\data\\dataAuth.js:18:3)\n    at Layer.handle [as handle_request] (C:\\Users\\THPC\\Desktop\\MainFolders\\WebDev\\Projects_BackEnd\\beacon-analytics\\node_modules\\express\\lib\\router\\layer.js:95:5)\n    at trim_prefix (C:\\Users\\THPC\\Desktop\\MainFolders\\WebDev\\Projects_BackEnd\\beacon-analytics\\node_modules\\express\\lib\\router\\index.js:317:13)\n    at C:\\Users\\THPC\\Desktop\\MainFolders\\WebDev\\Projects_BackEnd\\beacon-analytics\\node_modules\\express\\lib\\router\\index.js:284:7\n    at param (C:\\Users\\THPC\\Desktop\\MainFolders\\WebDev\\Projects_BackEnd\\beacon-analytics\\node_modules\\express\\lib\\router\\index.js:354:14)\n    at param (C:\\Users\\THPC\\Desktop\\MainFolders\\WebDev\\Projects_BackEnd\\beacon-analytics\\node_modules\\express\\lib\\router\\index.js:365:14)\n    at Function.process_params (C:\\Users\\THPC\\Desktop\\MainFolders\\WebDev\\Projects_BackEnd\\beacon-analytics\\node_modules\\express\\lib\\router\\index.js:410:3)\n    at next (C:\\Users\\THPC\\Desktop\\MainFolders\\WebDev\\Projects_BackEnd\\beacon-analytics\\node_modules\\express\\lib\\router\\index.js:275:10)\n    at Function.handle (C:\\Users\\THPC\\Desktop\\MainFolders\\WebDev\\Projects_BackEnd\\beacon-analytics\\node_modules\\express\\lib\\router\\index.js:174:3)\n    at router (C:\\Users\\THPC\\Desktop\\MainFolders\\WebDev\\Projects_BackEnd\\beacon-analytics\\node_modules\\express\\lib\\router\\index.js:47:12)\n    at Layer.handle [as handle_request] (C:\\Users\\THPC\\Desktop\\MainFolders\\WebDev\\Projects_BackEnd\\beacon-analytics\\node_modules\\express\\lib\\router\\layer.js:95:5)\n    at trim_prefix (C:\\Users\\THPC\\Desktop\\MainFolders\\WebDev\\Projects_BackEnd\\beacon-analytics\\node_modules\\express\\lib\\router\\index.js:317:13)\n    at C:\\Users\\THPC\\Desktop\\MainFolders\\WebDev\\Projects_BackEnd\\beacon-analytics\\node_modules\\express\\lib\\router\\index.js:284:7\n    at Function.process_params (C:\\Users\\THPC\\Desktop\\MainFolders\\WebDev\\Projects_BackEnd\\beacon-analytics\\node_modules\\express\\lib\\router\\index.js:335:12)\n    at next (C:\\Users\\THPC\\Desktop\\MainFolders\\WebDev\\Projects_BackEnd\\beacon-analytics\\node_modules\\express\\lib\\router\\index.js:275:10)\n    at C:\\Users\\THPC\\Desktop\\MainFolders\\WebDev\\Projects_BackEnd\\beacon-analytics\\node_modules\\express\\lib\\router\\index.js:635:15\n    at next (C:\\Users\\THPC\\Desktop\\MainFolders\\WebDev\\Projects_BackEnd\\beacon-analytics\\node_modules\\express\\lib\\router\\index.js:260:14)\n    at SendStream.error (C:\\Users\\THPC\\Desktop\\MainFolders\\WebDev\\Projects_BackEnd\\beacon-analytics\\node_modules\\serve-static\\index.js:121:7)\n    at emitOne (events.js:116:13)\n    at SendStream.emit (events.js:211:7)\n    at SendStream.error (C:\\Users\\THPC\\Desktop\\MainFolders\\WebDev\\Projects_BackEnd\\beacon-analytics\\node_modules\\send\\index.js:270:17)\n    at SendStream.onStatError (C:\\Users\\THPC\\Desktop\\MainFolders\\WebDev\\Projects_BackEnd\\beacon-analytics\\node_modules\\send\\index.js:421:12)\n    at next (C:\\Users\\THPC\\Desktop\\MainFolders\\WebDev\\Projects_BackEnd\\beacon-analytics\\node_modules\\send\\index.js:736:16)\n    at onstat (C:\\Users\\THPC\\Desktop\\MainFolders\\WebDev\\Projects_BackEnd\\beacon-analytics\\node_modules\\send\\index.js:725:14)\n    at FSReqWrap.oncomplete (fs.js:152:21)"
}
2018-01-16T21:47:42.387Z meta:false [31merror[39m: [31muncaughtException: Error while getting analytics overview data: expected [Error: Internal Server Error] to not exist
AssertionError: Error while getting analytics overview data: expected [Error: Internal Server Error] to not exist
    at C:\Users\THPC\Desktop\MainFolders\WebDev\Projects_BackEnd\beacon-analytics\app\server\_legacy-tests_\dataRoute.test.js:60:71
    at Test.Request.callback (C:\Users\THPC\Desktop\MainFolders\WebDev\Projects_BackEnd\beacon-analytics\node_modules\superagent\lib\node\index.js:631:3)
    at IncomingMessage.<anonymous> (C:\Users\THPC\Desktop\MainFolders\WebDev\Projects_BackEnd\beacon-analytics\node_modules\superagent\lib\node\index.js:795:18)
    at emitNone (events.js:111:20)
    at IncomingMessage.emit (events.js:208:7)
    at endReadableNT (_stream_readable.js:1056:12)
    at _combinedTickCallback (internal/process/next_tick.js:138:11)
    at process._tickCallback (internal/process/next_tick.js:180:9)[39m
2018-01-16T21:48:35.629Z meta:true [31merror[39m: [31mUncaught error occured in express and was caught by a "catch all" error handler[39m
error:
 {
  "type": "TypeError",
  "message": "this.explain is not a function",
  "name": "TypeError",
  "stack": "TypeError: this.explain is not a function\n    at Function.sessionSchema.statics.getAnalyticsOverview (C:\\Users\\THPC\\Desktop\\MainFolders\\WebDev\\Projects_BackEnd\\beacon-analytics\\app\\server\\models\\session.js:150:7)\n    at C:\\Users\\THPC\\Desktop\\MainFolders\\WebDev\\Projects_BackEnd\\beacon-analytics\\app\\server\\controllers\\data\\dataOverview.js:16:19\n    at Layer.handle [as handle_request] (C:\\Users\\THPC\\Desktop\\MainFolders\\WebDev\\Projects_BackEnd\\beacon-analytics\\node_modules\\express\\lib\\router\\layer.js:95:5)\n    at next (C:\\Users\\THPC\\Desktop\\MainFolders\\WebDev\\Projects_BackEnd\\beacon-analytics\\node_modules\\express\\lib\\router\\route.js:137:13)\n    at Route.dispatch (C:\\Users\\THPC\\Desktop\\MainFolders\\WebDev\\Projects_BackEnd\\beacon-analytics\\node_modules\\express\\lib\\router\\route.js:112:3)\n    at Layer.handle [as handle_request] (C:\\Users\\THPC\\Desktop\\MainFolders\\WebDev\\Projects_BackEnd\\beacon-analytics\\node_modules\\express\\lib\\router\\layer.js:95:5)\n    at C:\\Users\\THPC\\Desktop\\MainFolders\\WebDev\\Projects_BackEnd\\beacon-analytics\\node_modules\\express\\lib\\router\\index.js:281:22\n    at Function.process_params (C:\\Users\\THPC\\Desktop\\MainFolders\\WebDev\\Projects_BackEnd\\beacon-analytics\\node_modules\\express\\lib\\router\\index.js:335:12)\n    at next (C:\\Users\\THPC\\Desktop\\MainFolders\\WebDev\\Projects_BackEnd\\beacon-analytics\\node_modules\\express\\lib\\router\\index.js:275:10)\n    at parseTimeRange (C:\\Users\\THPC\\Desktop\\MainFolders\\WebDev\\Projects_BackEnd\\beacon-analytics\\app\\server\\controllers\\data\\middleware\\parseTimeRange.js:48:2)\n    at Layer.handle [as handle_request] (C:\\Users\\THPC\\Desktop\\MainFolders\\WebDev\\Projects_BackEnd\\beacon-analytics\\node_modules\\express\\lib\\router\\layer.js:95:5)\n    at trim_prefix (C:\\Users\\THPC\\Desktop\\MainFolders\\WebDev\\Projects_BackEnd\\beacon-analytics\\node_modules\\express\\lib\\router\\index.js:317:13)\n    at C:\\Users\\THPC\\Desktop\\MainFolders\\WebDev\\Projects_BackEnd\\beacon-analytics\\node_modules\\express\\lib\\router\\index.js:284:7\n    at Function.process_params (C:\\Users\\THPC\\Desktop\\MainFolders\\WebDev\\Projects_BackEnd\\beacon-analytics\\node_modules\\express\\lib\\router\\index.js:335:12)\n    at next (C:\\Users\\THPC\\Desktop\\MainFolders\\WebDev\\Projects_BackEnd\\beacon-analytics\\node_modules\\express\\lib\\router\\index.js:275:10)\n    at Function.handle (C:\\Users\\THPC\\Desktop\\MainFolders\\WebDev\\Projects_BackEnd\\beacon-analytics\\node_modules\\express\\lib\\router\\index.js:174:3)\n    at router (C:\\Users\\THPC\\Desktop\\MainFolders\\WebDev\\Projects_BackEnd\\beacon-analytics\\node_modules\\express\\lib\\router\\index.js:47:12)\n    at Layer.handle [as handle_request] (C:\\Users\\THPC\\Desktop\\MainFolders\\WebDev\\Projects_BackEnd\\beacon-analytics\\node_modules\\express\\lib\\router\\layer.js:95:5)\n    at trim_prefix (C:\\Users\\THPC\\Desktop\\MainFolders\\WebDev\\Projects_BackEnd\\beacon-analytics\\node_modules\\express\\lib\\router\\index.js:317:13)\n    at C:\\Users\\THPC\\Desktop\\MainFolders\\WebDev\\Projects_BackEnd\\beacon-analytics\\node_modules\\express\\lib\\router\\index.js:284:7\n    at param (C:\\Users\\THPC\\Desktop\\MainFolders\\WebDev\\Projects_BackEnd\\beacon-analytics\\node_modules\\express\\lib\\router\\index.js:354:14)\n    at param (C:\\Users\\THPC\\Desktop\\MainFolders\\WebDev\\Projects_BackEnd\\beacon-analytics\\node_modules\\express\\lib\\router\\index.js:365:14)\n    at Function.process_params (C:\\Users\\THPC\\Desktop\\MainFolders\\WebDev\\Projects_BackEnd\\beacon-analytics\\node_modules\\express\\lib\\router\\index.js:410:3)\n    at next (C:\\Users\\THPC\\Desktop\\MainFolders\\WebDev\\Projects_BackEnd\\beacon-analytics\\node_modules\\express\\lib\\router\\index.js:275:10)\n    at dataAuthHandler (C:\\Users\\THPC\\Desktop\\MainFolders\\WebDev\\Projects_BackEnd\\beacon-analytics\\app\\server\\controllers\\data\\dataAuth.js:18:3)\n    at Layer.handle [as handle_request] (C:\\Users\\THPC\\Desktop\\MainFolders\\WebDev\\Projects_BackEnd\\beacon-analytics\\node_modules\\express\\lib\\router\\layer.js:95:5)\n    at trim_prefix (C:\\Users\\THPC\\Desktop\\MainFolders\\WebDev\\Projects_BackEnd\\beacon-analytics\\node_modules\\express\\lib\\router\\index.js:317:13)\n    at C:\\Users\\THPC\\Desktop\\MainFolders\\WebDev\\Projects_BackEnd\\beacon-analytics\\node_modules\\express\\lib\\router\\index.js:284:7\n    at param (C:\\Users\\THPC\\Desktop\\MainFolders\\WebDev\\Projects_BackEnd\\beacon-analytics\\node_modules\\express\\lib\\router\\index.js:354:14)\n    at param (C:\\Users\\THPC\\Desktop\\MainFolders\\WebDev\\Projects_BackEnd\\beacon-analytics\\node_modules\\express\\lib\\router\\index.js:365:14)\n    at Function.process_params (C:\\Users\\THPC\\Desktop\\MainFolders\\WebDev\\Projects_BackEnd\\beacon-analytics\\node_modules\\express\\lib\\router\\index.js:410:3)\n    at next (C:\\Users\\THPC\\Desktop\\MainFolders\\WebDev\\Projects_BackEnd\\beacon-analytics\\node_modules\\express\\lib\\router\\index.js:275:10)\n    at Function.handle (C:\\Users\\THPC\\Desktop\\MainFolders\\WebDev\\Projects_BackEnd\\beacon-analytics\\node_modules\\express\\lib\\router\\index.js:174:3)\n    at router (C:\\Users\\THPC\\Desktop\\MainFolders\\WebDev\\Projects_BackEnd\\beacon-analytics\\node_modules\\express\\lib\\router\\index.js:47:12)\n    at Layer.handle [as handle_request] (C:\\Users\\THPC\\Desktop\\MainFolders\\WebDev\\Projects_BackEnd\\beacon-analytics\\node_modules\\express\\lib\\router\\layer.js:95:5)\n    at trim_prefix (C:\\Users\\THPC\\Desktop\\MainFolders\\WebDev\\Projects_BackEnd\\beacon-analytics\\node_modules\\express\\lib\\router\\index.js:317:13)\n    at C:\\Users\\THPC\\Desktop\\MainFolders\\WebDev\\Projects_BackEnd\\beacon-analytics\\node_modules\\express\\lib\\router\\index.js:284:7\n    at Function.process_params (C:\\Users\\THPC\\Desktop\\MainFolders\\WebDev\\Projects_BackEnd\\beacon-analytics\\node_modules\\express\\lib\\router\\index.js:335:12)\n    at next (C:\\Users\\THPC\\Desktop\\MainFolders\\WebDev\\Projects_BackEnd\\beacon-analytics\\node_modules\\express\\lib\\router\\index.js:275:10)\n    at C:\\Users\\THPC\\Desktop\\MainFolders\\WebDev\\Projects_BackEnd\\beacon-analytics\\node_modules\\express\\lib\\router\\index.js:635:15\n    at next (C:\\Users\\THPC\\Desktop\\MainFolders\\WebDev\\Projects_BackEnd\\beacon-analytics\\node_modules\\express\\lib\\router\\index.js:260:14)\n    at SendStream.error (C:\\Users\\THPC\\Desktop\\MainFolders\\WebDev\\Projects_BackEnd\\beacon-analytics\\node_modules\\serve-static\\index.js:121:7)\n    at emitOne (events.js:116:13)\n    at SendStream.emit (events.js:211:7)\n    at SendStream.error (C:\\Users\\THPC\\Desktop\\MainFolders\\WebDev\\Projects_BackEnd\\beacon-analytics\\node_modules\\send\\index.js:270:17)\n    at SendStream.onStatError (C:\\Users\\THPC\\Desktop\\MainFolders\\WebDev\\Projects_BackEnd\\beacon-analytics\\node_modules\\send\\index.js:421:12)\n    at next (C:\\Users\\THPC\\Desktop\\MainFolders\\WebDev\\Projects_BackEnd\\beacon-analytics\\node_modules\\send\\index.js:736:16)\n    at onstat (C:\\Users\\THPC\\Desktop\\MainFolders\\WebDev\\Projects_BackEnd\\beacon-analytics\\node_modules\\send\\index.js:725:14)\n    at FSReqWrap.oncomplete (fs.js:152:21)"
}
2018-01-16T21:48:35.663Z meta:false [31merror[39m: [31muncaughtException: Error while getting analytics overview data: expected [Error: Internal Server Error] to not exist
AssertionError: Error while getting analytics overview data: expected [Error: Internal Server Error] to not exist
    at C:\Users\THPC\Desktop\MainFolders\WebDev\Projects_BackEnd\beacon-analytics\app\server\_legacy-tests_\dataRoute.test.js:60:71
    at Test.Request.callback (C:\Users\THPC\Desktop\MainFolders\WebDev\Projects_BackEnd\beacon-analytics\node_modules\superagent\lib\node\index.js:631:3)
    at IncomingMessage.<anonymous> (C:\Users\THPC\Desktop\MainFolders\WebDev\Projects_BackEnd\beacon-analytics\node_modules\superagent\lib\node\index.js:795:18)
    at emitNone (events.js:111:20)
    at IncomingMessage.emit (events.js:208:7)
    at endReadableNT (_stream_readable.js:1056:12)
    at _combinedTickCallback (internal/process/next_tick.js:138:11)
    at process._tickCallback (internal/process/next_tick.js:180:9)[39m
2018-01-16T23:47:48.062Z meta:false [31merror[39m: [31muncaughtException: testStaticFiles is not defined
ReferenceError: testStaticFiles is not defined
    at Object.<anonymous> (C:\Users\THPC\Desktop\MainFolders\WebDev\Projects_BackEnd\beacon-analytics\app\server\_tests_\integrationTests\_systemTest.js:50:1)
    at Module._compile (module.js:635:30)
    at Object.Module._extensions..js (module.js:646:10)
    at Module.load (module.js:554:32)
    at tryModuleLoad (module.js:497:12)
    at Function.Module._load (module.js:489:3)
    at Module.require (module.js:579:17)
    at require (internal/module.js:11:18)
    at C:\Users\THPC\Desktop\MainFolders\WebDev\Projects_BackEnd\beacon-analytics\node_modules\mocha\lib\mocha.js:231:27
    at Array.forEach (<anonymous>)
    at Mocha.loadFiles (C:\Users\THPC\Desktop\MainFolders\WebDev\Projects_BackEnd\beacon-analytics\node_modules\mocha\lib\mocha.js:228:14)
    at Mocha.run (C:\Users\THPC\Desktop\MainFolders\WebDev\Projects_BackEnd\beacon-analytics\node_modules\mocha\lib\mocha.js:536:10)
    at Object.<anonymous> (C:\Users\THPC\Desktop\MainFolders\WebDev\Projects_BackEnd\beacon-analytics\node_modules\mocha\bin\_mocha:573:18)
    at Module._compile (module.js:635:30)
    at Object.Module._extensions..js (module.js:646:10)
    at Module.load (module.js:554:32)
    at tryModuleLoad (module.js:497:12)
    at Function.Module._load (module.js:489:3)
    at Function.Module.runMain (module.js:676:10)
    at startup (bootstrap_node.js:187:16)
    at bootstrap_node.js:608:3[39m
2018-01-16T23:49:04.910Z meta:false [31merror[39m: [31muncaughtException: Getting not existent file resulted in an error: expected [Error: Not Found] to not exist
AssertionError: Getting not existent file resulted in an error: expected [Error: Not Found] to not exist
    at C:\Users\THPC\Desktop\MainFolders\WebDev\Projects_BackEnd\beacon-analytics\app\server\_tests_\integrationTests\systemTest.staticFiles.js:19:75
    at Test.Request.callback (C:\Users\THPC\Desktop\MainFolders\WebDev\Projects_BackEnd\beacon-analytics\node_modules\superagent\lib\node\index.js:631:3)
    at IncomingMessage.<anonymous> (C:\Users\THPC\Desktop\MainFolders\WebDev\Projects_BackEnd\beacon-analytics\node_modules\superagent\lib\node\index.js:795:18)
    at emitNone (events.js:111:20)
    at IncomingMessage.emit (events.js:208:7)
    at endReadableNT (_stream_readable.js:1056:12)
    at _combinedTickCallback (internal/process/next_tick.js:138:11)
    at process._tickCallback (internal/process/next_tick.js:180:9)[39m
2018-01-17T17:03:01.807Z meta:true [31merror[39m: [31mUncaught error occured in express and was caught by a "catch all" error handler[39m
error:
 {
  "type": "Error",
  "message": "ENOENT: no such file or directory, stat 'C:\\html\\index.html'",
  "name": "Error",
  "stack": "Error: ENOENT: no such file or directory, stat 'C:\\html\\index.html'",
  "code": "ENOENT",
  "errno": -4058,
  "syscall": "stat",
  "path": "C:\\html\\index.html",
  "expose": false,
  "statusCode": 404,
  "status": 404
}
2018-01-17T17:03:01.915Z meta:true [31merror[39m: [31mUncaught error occured in express and was caught by a "catch all" error handler[39m
error:
 {
  "type": "Error",
  "message": "ENOENT: no such file or directory, stat 'C:\\html\\404.html'",
  "name": "Error",
  "stack": "Error: ENOENT: no such file or directory, stat 'C:\\html\\404.html'",
  "code": "ENOENT",
  "errno": -4058,
  "syscall": "stat",
  "path": "C:\\html\\404.html",
  "expose": false,
  "statusCode": 404,
  "status": 404
}
2018-01-17T17:03:01.928Z meta:true [31merror[39m: [31mUncaught error occured in express and was caught by a "catch all" error handler[39m
error:
 {
  "type": "Error",
  "message": "ENOENT: no such file or directory, stat 'C:\\html\\404.html'",
  "name": "Error",
  "stack": "Error: ENOENT: no such file or directory, stat 'C:\\html\\404.html'",
  "code": "ENOENT",
  "errno": -4058,
  "syscall": "stat",
  "path": "C:\\html\\404.html",
  "expose": false,
  "statusCode": 404,
  "status": 404
}
2018-01-17T17:05:59.408Z meta:true [31merror[39m: [31mUncaught error occured in express and was caught by a "catch all" error handler[39m
error:
 {
  "type": "TypeError",
  "message": "path must be absolute or specify root to res.sendFile",
  "name": "TypeError",
  "stack": "TypeError: path must be absolute or specify root to res.sendFile\n    at ServerResponse.sendFile (C:\\Users\\THPC\\Desktop\\MainFolders\\WebDev\\Projects_BackEnd\\beacon-analytics\\node_modules\\express\\lib\\response.js:421:11)\n    at C:\\Users\\THPC\\Desktop\\MainFolders\\WebDev\\Projects_BackEnd\\beacon-analytics\\app\\server\\controllers\\staticRoute.js:21:11\n    at Layer.handle [as handle_request] (C:\\Users\\THPC\\Desktop\\MainFolders\\WebDev\\Projects_BackEnd\\beacon-analytics\\node_modules\\express\\lib\\router\\layer.js:95:5)\n    at next (C:\\Users\\THPC\\Desktop\\MainFolders\\WebDev\\Projects_BackEnd\\beacon-analytics\\node_modules\\express\\lib\\router\\route.js:137:13)\n    at Route.dispatch (C:\\Users\\THPC\\Desktop\\MainFolders\\WebDev\\Projects_BackEnd\\beacon-analytics\\node_modules\\express\\lib\\router\\route.js:112:3)\n    at Layer.handle [as handle_request] (C:\\Users\\THPC\\Desktop\\MainFolders\\WebDev\\Projects_BackEnd\\beacon-analytics\\node_modules\\express\\lib\\router\\layer.js:95:5)\n    at C:\\Users\\THPC\\Desktop\\MainFolders\\WebDev\\Projects_BackEnd\\beacon-analytics\\node_modules\\express\\lib\\router\\index.js:281:22\n    at Function.process_params (C:\\Users\\THPC\\Desktop\\MainFolders\\WebDev\\Projects_BackEnd\\beacon-analytics\\node_modules\\express\\lib\\router\\index.js:335:12)\n    at next (C:\\Users\\THPC\\Desktop\\MainFolders\\WebDev\\Projects_BackEnd\\beacon-analytics\\node_modules\\express\\lib\\router\\index.js:275:10)\n    at SendStream.error (C:\\Users\\THPC\\Desktop\\MainFolders\\WebDev\\Projects_BackEnd\\beacon-analytics\\node_modules\\serve-static\\index.js:121:7)\n    at emitOne (events.js:116:13)\n    at SendStream.emit (events.js:211:7)\n    at SendStream.error (C:\\Users\\THPC\\Desktop\\MainFolders\\WebDev\\Projects_BackEnd\\beacon-analytics\\node_modules\\send\\index.js:270:17)\n    at SendStream.onStatError (C:\\Users\\THPC\\Desktop\\MainFolders\\WebDev\\Projects_BackEnd\\beacon-analytics\\node_modules\\send\\index.js:421:12)\n    at next (C:\\Users\\THPC\\Desktop\\MainFolders\\WebDev\\Projects_BackEnd\\beacon-analytics\\node_modules\\send\\index.js:764:28)\n    at C:\\Users\\THPC\\Desktop\\MainFolders\\WebDev\\Projects_BackEnd\\beacon-analytics\\node_modules\\send\\index.js:772:23"
}
2018-01-17T17:06:05.191Z meta:true [31merror[39m: [31mUncaught error occured in express and was caught by a "catch all" error handler[39m
error:
 {
  "type": "TypeError",
  "message": "path must be absolute or specify root to res.sendFile",
  "name": "TypeError",
  "stack": "TypeError: path must be absolute or specify root to res.sendFile\n    at ServerResponse.sendFile (C:\\Users\\THPC\\Desktop\\MainFolders\\WebDev\\Projects_BackEnd\\beacon-analytics\\node_modules\\express\\lib\\response.js:421:11)\n    at C:\\Users\\THPC\\Desktop\\MainFolders\\WebDev\\Projects_BackEnd\\beacon-analytics\\app\\server\\controllers\\staticRoute.js:21:11\n    at Layer.handle [as handle_request] (C:\\Users\\THPC\\Desktop\\MainFolders\\WebDev\\Projects_BackEnd\\beacon-analytics\\node_modules\\express\\lib\\router\\layer.js:95:5)\n    at next (C:\\Users\\THPC\\Desktop\\MainFolders\\WebDev\\Projects_BackEnd\\beacon-analytics\\node_modules\\express\\lib\\router\\route.js:137:13)\n    at Route.dispatch (C:\\Users\\THPC\\Desktop\\MainFolders\\WebDev\\Projects_BackEnd\\beacon-analytics\\node_modules\\express\\lib\\router\\route.js:112:3)\n    at Layer.handle [as handle_request] (C:\\Users\\THPC\\Desktop\\MainFolders\\WebDev\\Projects_BackEnd\\beacon-analytics\\node_modules\\express\\lib\\router\\layer.js:95:5)\n    at C:\\Users\\THPC\\Desktop\\MainFolders\\WebDev\\Projects_BackEnd\\beacon-analytics\\node_modules\\express\\lib\\router\\index.js:281:22\n    at Function.process_params (C:\\Users\\THPC\\Desktop\\MainFolders\\WebDev\\Projects_BackEnd\\beacon-analytics\\node_modules\\express\\lib\\router\\index.js:335:12)\n    at next (C:\\Users\\THPC\\Desktop\\MainFolders\\WebDev\\Projects_BackEnd\\beacon-analytics\\node_modules\\express\\lib\\router\\index.js:275:10)\n    at SendStream.error (C:\\Users\\THPC\\Desktop\\MainFolders\\WebDev\\Projects_BackEnd\\beacon-analytics\\node_modules\\serve-static\\index.js:121:7)\n    at emitOne (events.js:116:13)\n    at SendStream.emit (events.js:211:7)\n    at SendStream.error (C:\\Users\\THPC\\Desktop\\MainFolders\\WebDev\\Projects_BackEnd\\beacon-analytics\\node_modules\\send\\index.js:270:17)\n    at SendStream.onStatError (C:\\Users\\THPC\\Desktop\\MainFolders\\WebDev\\Projects_BackEnd\\beacon-analytics\\node_modules\\send\\index.js:421:12)\n    at next (C:\\Users\\THPC\\Desktop\\MainFolders\\WebDev\\Projects_BackEnd\\beacon-analytics\\node_modules\\send\\index.js:764:28)\n    at C:\\Users\\THPC\\Desktop\\MainFolders\\WebDev\\Projects_BackEnd\\beacon-analytics\\node_modules\\send\\index.js:772:23"
}
2018-01-17T17:07:13.524Z meta:true [31merror[39m: [31mUncaught error occured in express and was caught by a "catch all" error handler[39m
error:
 {
  "type": "Error",
  "message": "ENOENT: no such file or directory, stat 'C:\\html\\index.html'",
  "name": "Error",
  "stack": "Error: ENOENT: no such file or directory, stat 'C:\\html\\index.html'",
  "code": "ENOENT",
  "errno": -4058,
  "syscall": "stat",
  "path": "C:\\html\\index.html",
  "expose": false,
  "statusCode": 404,
  "status": 404
}
2018-01-17T17:07:49.812Z meta:true [31merror[39m: [31mUncaught error occured in express and was caught by a "catch all" error handler[39m
error:
 {
  "type": "TypeError",
  "message": "path must be absolute or specify root to res.sendFile",
  "name": "TypeError",
  "stack": "TypeError: path must be absolute or specify root to res.sendFile\n    at ServerResponse.sendFile (C:\\Users\\THPC\\Desktop\\MainFolders\\WebDev\\Projects_BackEnd\\beacon-analytics\\node_modules\\express\\lib\\response.js:421:11)\n    at C:\\Users\\THPC\\Desktop\\MainFolders\\WebDev\\Projects_BackEnd\\beacon-analytics\\app\\server\\controllers\\staticRoute.js:21:11\n    at Layer.handle [as handle_request] (C:\\Users\\THPC\\Desktop\\MainFolders\\WebDev\\Projects_BackEnd\\beacon-analytics\\node_modules\\express\\lib\\router\\layer.js:95:5)\n    at next (C:\\Users\\THPC\\Desktop\\MainFolders\\WebDev\\Projects_BackEnd\\beacon-analytics\\node_modules\\express\\lib\\router\\route.js:137:13)\n    at Route.dispatch (C:\\Users\\THPC\\Desktop\\MainFolders\\WebDev\\Projects_BackEnd\\beacon-analytics\\node_modules\\express\\lib\\router\\route.js:112:3)\n    at Layer.handle [as handle_request] (C:\\Users\\THPC\\Desktop\\MainFolders\\WebDev\\Projects_BackEnd\\beacon-analytics\\node_modules\\express\\lib\\router\\layer.js:95:5)\n    at C:\\Users\\THPC\\Desktop\\MainFolders\\WebDev\\Projects_BackEnd\\beacon-analytics\\node_modules\\express\\lib\\router\\index.js:281:22\n    at Function.process_params (C:\\Users\\THPC\\Desktop\\MainFolders\\WebDev\\Projects_BackEnd\\beacon-analytics\\node_modules\\express\\lib\\router\\index.js:335:12)\n    at next (C:\\Users\\THPC\\Desktop\\MainFolders\\WebDev\\Projects_BackEnd\\beacon-analytics\\node_modules\\express\\lib\\router\\index.js:275:10)\n    at SendStream.error (C:\\Users\\THPC\\Desktop\\MainFolders\\WebDev\\Projects_BackEnd\\beacon-analytics\\node_modules\\serve-static\\index.js:121:7)\n    at emitOne (events.js:116:13)\n    at SendStream.emit (events.js:211:7)\n    at SendStream.error (C:\\Users\\THPC\\Desktop\\MainFolders\\WebDev\\Projects_BackEnd\\beacon-analytics\\node_modules\\send\\index.js:270:17)\n    at SendStream.onStatError (C:\\Users\\THPC\\Desktop\\MainFolders\\WebDev\\Projects_BackEnd\\beacon-analytics\\node_modules\\send\\index.js:421:12)\n    at next (C:\\Users\\THPC\\Desktop\\MainFolders\\WebDev\\Projects_BackEnd\\beacon-analytics\\node_modules\\send\\index.js:764:28)\n    at C:\\Users\\THPC\\Desktop\\MainFolders\\WebDev\\Projects_BackEnd\\beacon-analytics\\node_modules\\send\\index.js:772:23"
}
2018-01-17T20:03:49.535Z meta:false [31merror[39m: [31muncaughtException: Unexpected token }
C:\Users\THPC\Desktop\MainFolders\WebDev\Projects_BackEnd\beacon-analytics\app\server\models\session.js:246
	}
	^

SyntaxError: Unexpected token }
    at createScript (vm.js:80:10)
    at Object.runInThisContext (vm.js:139:10)
    at Module._compile (module.js:599:28)
    at Object.Module._extensions..js (module.js:646:10)
    at Module.load (module.js:554:32)
    at tryModuleLoad (module.js:497:12)
    at Function.Module._load (module.js:489:3)
    at Module.require (module.js:579:17)
    at require (internal/module.js:11:18)
    at Object.<anonymous> (C:\Users\THPC\Desktop\MainFolders\WebDev\Projects_BackEnd\beacon-analytics\app\server\controllers\data\_dataRoute.js:2:22)[39m
2018-01-17T20:03:52.674Z meta:false [31merror[39m: [31muncaughtException: Unexpected token }
C:\Users\THPC\Desktop\MainFolders\WebDev\Projects_BackEnd\beacon-analytics\app\server\models\session.js:246
	}
	^

SyntaxError: Unexpected token }
    at createScript (vm.js:80:10)
    at Object.runInThisContext (vm.js:139:10)
    at Module._compile (module.js:599:28)
    at Object.Module._extensions..js (module.js:646:10)
    at Module.load (module.js:554:32)
    at tryModuleLoad (module.js:497:12)
    at Function.Module._load (module.js:489:3)
    at Module.require (module.js:579:17)
    at require (internal/module.js:11:18)
    at Object.<anonymous> (C:\Users\THPC\Desktop\MainFolders\WebDev\Projects_BackEnd\beacon-analytics\app\server\controllers\data\_dataRoute.js:2:22)[39m
2018-01-22T23:03:25.987Z meta:false [31merror[39m: [31muncaughtException: Response body did not have property "browser" that was an array: expected undefined to be an array
AssertionError: Response body did not have property "browser" that was an array: expected undefined to be an array
    at expectArray (C:\Users\THPC\Desktop\MainFolders\WebDev\Projects_BackEnd\beacon-analytics\app\server\_tests_\integrationTests\systemTest.dataApi.js:27:35)
    at C:\Users\THPC\Desktop\MainFolders\WebDev\Projects_BackEnd\beacon-analytics\app\server\_tests_\integrationTests\systemTest.dataApi.js:29:5
    at Test.Request.callback (C:\Users\THPC\Desktop\MainFolders\WebDev\Projects_BackEnd\beacon-analytics\node_modules\superagent\lib\node\index.js:619:12)
    at C:\Users\THPC\Desktop\MainFolders\WebDev\Projects_BackEnd\beacon-analytics\node_modules\superagent\lib\node\index.js:795:18
    at IncomingMessage.<anonymous> (C:\Users\THPC\Desktop\MainFolders\WebDev\Projects_BackEnd\beacon-analytics\node_modules\superagent\lib\node\parsers\json.js:16:7)
    at emitNone (events.js:111:20)
    at IncomingMessage.emit (events.js:208:7)
    at endReadableNT (_stream_readable.js:1056:12)
    at _combinedTickCallback (internal/process/next_tick.js:138:11)
    at process._tickCallback (internal/process/next_tick.js:180:9)[39m
2018-01-22T23:04:52.702Z meta:false [31merror[39m: [31muncaughtException: Response body did not have property "browser" that was an array: expected undefined to be an array
AssertionError: Response body did not have property "browser" that was an array: expected undefined to be an array
    at expectArray (C:\Users\THPC\Desktop\MainFolders\WebDev\Projects_BackEnd\beacon-analytics\app\server\_tests_\integrationTests\systemTest.dataApi.js:27:35)
    at C:\Users\THPC\Desktop\MainFolders\WebDev\Projects_BackEnd\beacon-analytics\app\server\_tests_\integrationTests\systemTest.dataApi.js:30:5
    at Test.Request.callback (C:\Users\THPC\Desktop\MainFolders\WebDev\Projects_BackEnd\beacon-analytics\node_modules\superagent\lib\node\index.js:619:12)
    at C:\Users\THPC\Desktop\MainFolders\WebDev\Projects_BackEnd\beacon-analytics\node_modules\superagent\lib\node\index.js:795:18
    at IncomingMessage.<anonymous> (C:\Users\THPC\Desktop\MainFolders\WebDev\Projects_BackEnd\beacon-analytics\node_modules\superagent\lib\node\parsers\json.js:16:7)
    at emitNone (events.js:111:20)
    at IncomingMessage.emit (events.js:208:7)
    at endReadableNT (_stream_readable.js:1056:12)
    at _combinedTickCallback (internal/process/next_tick.js:138:11)
    at process._tickCallback (internal/process/next_tick.js:180:9)[39m
2018-01-22T23:15:40.361Z meta:false [31merror[39m: [31muncaughtException: Error while getting all statistics data: expected [Error: Not Found] to not exist
AssertionError: Error while getting all statistics data: expected [Error: Not Found] to not exist
    at C:\Users\THPC\Desktop\MainFolders\WebDev\Projects_BackEnd\beacon-analytics\app\server\_tests_\integrationTests\systemTest.dataApi.js:36:68
    at Test.Request.callback (C:\Users\THPC\Desktop\MainFolders\WebDev\Projects_BackEnd\beacon-analytics\node_modules\superagent\lib\node\index.js:631:3)
    at IncomingMessage.<anonymous> (C:\Users\THPC\Desktop\MainFolders\WebDev\Projects_BackEnd\beacon-analytics\node_modules\superagent\lib\node\index.js:795:18)
    at emitNone (events.js:111:20)
    at IncomingMessage.emit (events.js:208:7)
    at endReadableNT (_stream_readable.js:1056:12)
    at _combinedTickCallback (internal/process/next_tick.js:138:11)
    at process._tickCallback (internal/process/next_tick.js:180:9)[39m
2018-01-22T23:17:19.812Z meta:false [31merror[39m: [31muncaughtException: Error while getting all statistics data: expected [Error: Not Found] to not exist
AssertionError: Error while getting all statistics data: expected [Error: Not Found] to not exist
    at C:\Users\THPC\Desktop\MainFolders\WebDev\Projects_BackEnd\beacon-analytics\app\server\_tests_\integrationTests\systemTest.dataApi.js:36:68
    at Test.Request.callback (C:\Users\THPC\Desktop\MainFolders\WebDev\Projects_BackEnd\beacon-analytics\node_modules\superagent\lib\node\index.js:631:3)
    at IncomingMessage.<anonymous> (C:\Users\THPC\Desktop\MainFolders\WebDev\Projects_BackEnd\beacon-analytics\node_modules\superagent\lib\node\index.js:795:18)
    at emitNone (events.js:111:20)
    at IncomingMessage.emit (events.js:208:7)
    at endReadableNT (_stream_readable.js:1056:12)
    at _combinedTickCallback (internal/process/next_tick.js:138:11)
    at process._tickCallback (internal/process/next_tick.js:180:9)[39m
2018-01-22T23:30:31.306Z meta:false [31merror[39m: [31muncaughtException: expected value to match json-schema '{"type":"string"}' -> '[{"category":"Links","clicks":...'
      Invalid type: array (expected string)
          schema: {"type":"string"}
          rule:   /type -> "string"
AssertionError: expected value to match json-schema '{"type":"string"}' -> '[{"category":"Links","clicks":...'
      Invalid type: array (expected string)
          schema: {"type":"string"}
          rule:   /type -> "string"
    at C:\Users\THPC\Desktop\MainFolders\WebDev\Projects_BackEnd\beacon-analytics\app\server\_tests_\integrationTests\systemTest.dataApi.js:83:33
    at Test.Request.callback (C:\Users\THPC\Desktop\MainFolders\WebDev\Projects_BackEnd\beacon-analytics\node_modules\superagent\lib\node\index.js:619:12)
    at C:\Users\THPC\Desktop\MainFolders\WebDev\Projects_BackEnd\beacon-analytics\node_modules\superagent\lib\node\index.js:795:18
    at IncomingMessage.<anonymous> (C:\Users\THPC\Desktop\MainFolders\WebDev\Projects_BackEnd\beacon-analytics\node_modules\superagent\lib\node\parsers\json.js:16:7)
    at emitNone (events.js:111:20)
    at IncomingMessage.emit (events.js:208:7)
    at endReadableNT (_stream_readable.js:1056:12)
    at _combinedTickCallback (internal/process/next_tick.js:138:11)
    at process._tickCallback (internal/process/next_tick.js:180:9)[39m
2018-01-22T23:33:45.527Z meta:false [31merror[39m: [31muncaughtException: expected value to match json-schema '{"type":"array","items":{"type...' -> '[{"category":"Links","clicks":...'
      Invalid type: object (expected [object Object])
          schema: {"type":"array","items":{"type":{"type":"object"}}}
          rule:   /items/type -> {"type":"object"}
          field:  /0 -> Object: {"category":"Links","clicks":[{"itemId":"Link 3","itemCatego...
AssertionError: expected value to match json-schema '{"type":"array","items":{"type...' -> '[{"category":"Links","clicks":...'
      Invalid type: object (expected [object Object])
          schema: {"type":"array","items":{"type":{"type":"object"}}}
          rule:   /items/type -> {"type":"object"}
          field:  /0 -> Object: {"category":"Links","clicks":[{"itemId":"Link 3","itemCatego...
    at C:\Users\THPC\Desktop\MainFolders\WebDev\Projects_BackEnd\beacon-analytics\app\server\_tests_\integrationTests\systemTest.dataApi.js:89:33
    at Test.Request.callback (C:\Users\THPC\Desktop\MainFolders\WebDev\Projects_BackEnd\beacon-analytics\node_modules\superagent\lib\node\index.js:619:12)
    at C:\Users\THPC\Desktop\MainFolders\WebDev\Projects_BackEnd\beacon-analytics\node_modules\superagent\lib\node\index.js:795:18
    at IncomingMessage.<anonymous> (C:\Users\THPC\Desktop\MainFolders\WebDev\Projects_BackEnd\beacon-analytics\node_modules\superagent\lib\node\parsers\json.js:16:7)
    at emitNone (events.js:111:20)
    at IncomingMessage.emit (events.js:208:7)
    at endReadableNT (_stream_readable.js:1056:12)
    at _combinedTickCallback (internal/process/next_tick.js:138:11)
    at process._tickCallback (internal/process/next_tick.js:180:9)[39m
2018-01-22T23:43:57.888Z meta:false [31merror[39m: [31muncaughtException: expected value to match json-schema '{"type":"array","items":{"type...' -> '[{"category":"Links","clicks":...'
      Invalid type: array (expected object)
          schema: {"type":"array","items":{"type":"object","required":["catego...
          rule:   /items/properties/clicks/type -> "object"
          field:  /0/clicks -> Array: [{"itemId":"Link 1","itemCategory":"Links","categoryTotal":6...
AssertionError: expected value to match json-schema '{"type":"array","items":{"type...' -> '[{"category":"Links","clicks":...'
      Invalid type: array (expected object)
          schema: {"type":"array","items":{"type":"object","required":["catego...
          rule:   /items/properties/clicks/type -> "object"
          field:  /0/clicks -> Array: [{"itemId":"Link 1","itemCategory":"Links","categoryTotal":6...
    at C:\Users\THPC\Desktop\MainFolders\WebDev\Projects_BackEnd\beacon-analytics\app\server\_tests_\integrationTests\systemTest.dataApi.js:108:33
    at Test.Request.callback (C:\Users\THPC\Desktop\MainFolders\WebDev\Projects_BackEnd\beacon-analytics\node_modules\superagent\lib\node\index.js:619:12)
    at C:\Users\THPC\Desktop\MainFolders\WebDev\Projects_BackEnd\beacon-analytics\node_modules\superagent\lib\node\index.js:795:18
    at IncomingMessage.<anonymous> (C:\Users\THPC\Desktop\MainFolders\WebDev\Projects_BackEnd\beacon-analytics\node_modules\superagent\lib\node\parsers\json.js:16:7)
    at emitNone (events.js:111:20)
    at IncomingMessage.emit (events.js:208:7)
    at endReadableNT (_stream_readable.js:1056:12)
    at _combinedTickCallback (internal/process/next_tick.js:138:11)
    at process._tickCallback (internal/process/next_tick.js:180:9)[39m
2018-01-22T23:46:11.156Z meta:false [31merror[39m: [31muncaughtException: expected value to match json-schema '{"type":"array","items":{"titl...' -> '[{"category":"Projects","click...'
      Invalid type: array (expected object)
          schema: {"type":"array","items":{"title":"Click Category Schema","ty...
          rule:   /items/properties/clicks/type -> "object"
          field:  /0/clicks -> Array: [{"itemId":"Proj 4","itemCategory":"Projects","categoryTotal...
AssertionError: expected value to match json-schema '{"type":"array","items":{"titl...' -> '[{"category":"Projects","click...'
      Invalid type: array (expected object)
          schema: {"type":"array","items":{"title":"Click Category Schema","ty...
          rule:   /items/properties/clicks/type -> "object"
          field:  /0/clicks -> Array: [{"itemId":"Proj 4","itemCategory":"Projects","categoryTotal...
    at C:\Users\THPC\Desktop\MainFolders\WebDev\Projects_BackEnd\beacon-analytics\app\server\_tests_\integrationTests\systemTest.dataApi.js:109:33
    at Test.Request.callback (C:\Users\THPC\Desktop\MainFolders\WebDev\Projects_BackEnd\beacon-analytics\node_modules\superagent\lib\node\index.js:619:12)
    at C:\Users\THPC\Desktop\MainFolders\WebDev\Projects_BackEnd\beacon-analytics\node_modules\superagent\lib\node\index.js:795:18
    at IncomingMessage.<anonymous> (C:\Users\THPC\Desktop\MainFolders\WebDev\Projects_BackEnd\beacon-analytics\node_modules\superagent\lib\node\parsers\json.js:16:7)
    at emitNone (events.js:111:20)
    at IncomingMessage.emit (events.js:208:7)
    at endReadableNT (_stream_readable.js:1056:12)
    at _combinedTickCallback (internal/process/next_tick.js:138:11)
    at process._tickCallback (internal/process/next_tick.js:180:9)[39m
2018-01-22T23:48:02.528Z meta:false [31merror[39m: [31muncaughtException: expected value to match json-schema 'Click Response Schema' -> '[{"category":"Projects","click...'
      Invalid type: array (expected object)
          schema: Click Response Schema
          rule:   /items/properties/clicks/type -> "object"
          field:  /0/clicks -> Array: [{"itemId":"Proj 4","itemCategory":"Projects","categoryTotal...
AssertionError: expected value to match json-schema 'Click Response Schema' -> '[{"category":"Projects","click...'
      Invalid type: array (expected object)
          schema: Click Response Schema
          rule:   /items/properties/clicks/type -> "object"
          field:  /0/clicks -> Array: [{"itemId":"Proj 4","itemCategory":"Projects","categoryTotal...
    at C:\Users\THPC\Desktop\MainFolders\WebDev\Projects_BackEnd\beacon-analytics\app\server\_tests_\integrationTests\systemTest.dataApi.js:111:33
    at Test.Request.callback (C:\Users\THPC\Desktop\MainFolders\WebDev\Projects_BackEnd\beacon-analytics\node_modules\superagent\lib\node\index.js:619:12)
    at C:\Users\THPC\Desktop\MainFolders\WebDev\Projects_BackEnd\beacon-analytics\node_modules\superagent\lib\node\index.js:795:18
    at IncomingMessage.<anonymous> (C:\Users\THPC\Desktop\MainFolders\WebDev\Projects_BackEnd\beacon-analytics\node_modules\superagent\lib\node\parsers\json.js:16:7)
    at emitNone (events.js:111:20)
    at IncomingMessage.emit (events.js:208:7)
    at endReadableNT (_stream_readable.js:1056:12)
    at _combinedTickCallback (internal/process/next_tick.js:138:11)
    at process._tickCallback (internal/process/next_tick.js:180:9)[39m
2018-01-22T23:48:21.697Z meta:false [31merror[39m: [31muncaughtException: expected value to match json-schema 'Click Response Schema' -> '[{"category":"Projects","click...'
      Invalid type: array (expected object)
          schema: Click Response Schema
          rule:   /items/properties/clicks/type -> "object"
          field:  /0/clicks -> Array: [{"itemId":"Proj 4","itemCategory":"Projects","categoryTotal...
AssertionError: expected value to match json-schema 'Click Response Schema' -> '[{"category":"Projects","click...'
      Invalid type: array (expected object)
          schema: Click Response Schema
          rule:   /items/properties/clicks/type -> "object"
          field:  /0/clicks -> Array: [{"itemId":"Proj 4","itemCategory":"Projects","categoryTotal...
    at C:\Users\THPC\Desktop\MainFolders\WebDev\Projects_BackEnd\beacon-analytics\app\server\_tests_\integrationTests\systemTest.dataApi.js:111:33
    at Test.Request.callback (C:\Users\THPC\Desktop\MainFolders\WebDev\Projects_BackEnd\beacon-analytics\node_modules\superagent\lib\node\index.js:619:12)
    at C:\Users\THPC\Desktop\MainFolders\WebDev\Projects_BackEnd\beacon-analytics\node_modules\superagent\lib\node\index.js:795:18
    at IncomingMessage.<anonymous> (C:\Users\THPC\Desktop\MainFolders\WebDev\Projects_BackEnd\beacon-analytics\node_modules\superagent\lib\node\parsers\json.js:16:7)
    at emitNone (events.js:111:20)
    at IncomingMessage.emit (events.js:208:7)
    at endReadableNT (_stream_readable.js:1056:12)
    at _combinedTickCallback (internal/process/next_tick.js:138:11)
    at process._tickCallback (internal/process/next_tick.js:180:9)[39m
